2022-03-27 17:25:04,439 INFO  Logger.cs: 70 - 
--------------------------------------------------------------------------------
2022-03-27 17:25:04,479 INFO  Logger.cs: 71 - Logging commencing for SW2URDF exporter
2022-03-27 17:25:04,480 INFO  Logger.cs: 73 - Commit version 1.6.0-4-g7f85cfe
2022-03-27 17:25:04,480 INFO  Logger.cs: 74 - Build version 1.6.7995.38578
2022-03-27 17:25:04,482 INFO  SwAddin.cs: 192 - Attempting to connect to SW
2022-03-27 17:25:04,483 INFO  SwAddin.cs: 197 - Setting up callbacks
2022-03-27 17:25:04,484 INFO  SwAddin.cs: 201 - Setting up command manager
2022-03-27 17:25:04,485 INFO  SwAddin.cs: 204 - Adding command manager
2022-03-27 17:25:04,488 INFO  SwAddin.cs: 263 - Adding Assembly export to file menu
2022-03-27 17:25:04,489 INFO  SwAddin.cs: 272 - Adding Part export to file menu
2022-03-27 17:25:04,489 INFO  SwAddin.cs: 210 - Adding event handlers
2022-03-27 17:25:04,491 INFO  SwAddin.cs: 217 - Connecting plugin to SolidWorks
2022-03-27 17:35:41,419 INFO  SwAddin.cs: 294 - Assembly export called for file Assem1
2022-03-27 17:35:41,422 INFO  SwAddin.cs: 299 - Save is required
2022-03-27 17:35:41,422 INFO  SwAddin.cs: 313 - Saving assembly
2022-03-27 17:35:41,423 INFO  SwAddin.cs: 316 - Opening property manager
2022-03-27 17:35:41,442 INFO  ExportHelperExtension.cs: 1125 - Retrieving features of type [CoordSys] from Assem1
2022-03-27 17:35:41,447 INFO  ExportHelperExtension.cs: 1136 - Found 31 in Assem1
2022-03-27 17:35:41,448 INFO  ExportHelperExtension.cs: 1145 - Found 0 features of type [CoordSys] in Assem1
2022-03-27 17:35:41,448 INFO  ExportHelperExtension.cs: 1148 - Proceeding through assembly components
2022-03-27 17:35:41,449 INFO  ExportHelperExtension.cs: 1160 - 3 components to check
2022-03-27 17:35:41,451 INFO  ExportHelperExtension.cs: 1125 - Retrieving features of type [CoordSys] from gripper_hode-1
2022-03-27 17:35:41,451 INFO  ExportHelperExtension.cs: 1136 - Found 26 in gripper_hode-1
2022-03-27 17:35:41,451 INFO  ExportHelperExtension.cs: 1145 - Found 0 features of type [CoordSys] in gripper_hode-1
2022-03-27 17:35:41,452 INFO  ExportHelperExtension.cs: 1125 - Retrieving features of type [CoordSys] from gripper_left-1
2022-03-27 17:35:41,452 INFO  ExportHelperExtension.cs: 1136 - Found 28 in gripper_left-1
2022-03-27 17:35:41,453 INFO  ExportHelperExtension.cs: 1145 - Found 0 features of type [CoordSys] in gripper_left-1
2022-03-27 17:35:41,453 INFO  ExportHelperExtension.cs: 1125 - Retrieving features of type [CoordSys] from gripper_right-1
2022-03-27 17:35:41,453 INFO  ExportHelperExtension.cs: 1136 - Found 28 in gripper_right-1
2022-03-27 17:35:41,454 INFO  ExportHelperExtension.cs: 1145 - Found 0 features of type [CoordSys] in gripper_right-1
2022-03-27 17:35:41,454 INFO  ExportHelperExtension.cs: 1125 - Retrieving features of type [RefAxis] from Assem1
2022-03-27 17:35:41,454 INFO  ExportHelperExtension.cs: 1136 - Found 31 in Assem1
2022-03-27 17:35:41,455 INFO  ExportHelperExtension.cs: 1145 - Found 0 features of type [RefAxis] in Assem1
2022-03-27 17:35:41,455 INFO  ExportHelperExtension.cs: 1148 - Proceeding through assembly components
2022-03-27 17:35:41,455 INFO  ExportHelperExtension.cs: 1160 - 3 components to check
2022-03-27 17:35:41,456 INFO  ExportHelperExtension.cs: 1125 - Retrieving features of type [RefAxis] from gripper_hode-1
2022-03-27 17:35:41,456 INFO  ExportHelperExtension.cs: 1136 - Found 26 in gripper_hode-1
2022-03-27 17:35:41,459 INFO  ExportHelperExtension.cs: 1145 - Found 0 features of type [RefAxis] in gripper_hode-1
2022-03-27 17:35:41,468 INFO  ExportHelperExtension.cs: 1125 - Retrieving features of type [RefAxis] from gripper_left-1
2022-03-27 17:35:41,468 INFO  ExportHelperExtension.cs: 1136 - Found 28 in gripper_left-1
2022-03-27 17:35:41,469 INFO  ExportHelperExtension.cs: 1145 - Found 0 features of type [RefAxis] in gripper_left-1
2022-03-27 17:35:41,469 INFO  ExportHelperExtension.cs: 1125 - Retrieving features of type [RefAxis] from gripper_right-1
2022-03-27 17:35:41,469 INFO  ExportHelperExtension.cs: 1136 - Found 28 in gripper_right-1
2022-03-27 17:35:41,470 INFO  ExportHelperExtension.cs: 1145 - Found 0 features of type [RefAxis] in gripper_right-1
2022-03-27 17:35:41,875 INFO  SwAddin.cs: 339 - Loading config tree
2022-03-27 17:35:41,879 INFO  ExportPropertyManagerExtension.cs: 520 - Starting new configuration
2022-03-27 17:35:41,882 INFO  SwAddin.cs: 344 - Showing property manager
2022-03-27 17:35:52,258 INFO  ExportPropertyManager.cs: 1136 - OnNumberBoxTrackingCompleted called. This method no longer throws an Exception. It just silently does nothing. Ok, except for this logging message
2022-03-27 17:35:52,504 INFO  ExportPropertyManager.cs: 1136 - OnNumberBoxTrackingCompleted called. This method no longer throws an Exception. It just silently does nothing. Ok, except for this logging message
2022-03-27 17:36:16,226 INFO  ExportPropertyManager.cs: 1018 - OnComboboxSelectionChanged called. This method no longer throws an Exception. It just silently does nothing. Ok, except for this logging message
2022-03-27 17:36:31,993 INFO  ExportPropertyManager.cs: 1018 - OnComboboxSelectionChanged called. This method no longer throws an Exception. It just silently does nothing. Ok, except for this logging message
2022-03-27 17:36:59,101 INFO  ExportPropertyManager.cs: 1142 - AfterClose called. This method no longer throws an Exception. It just silently does nothing. Ok, except for this logging message
2022-03-27 17:37:09,417 INFO  SwAddin.cs: 294 - Assembly export called for file Assem1
2022-03-27 17:37:09,418 INFO  SwAddin.cs: 299 - Save is required
2022-03-27 17:37:09,418 INFO  SwAddin.cs: 313 - Saving assembly
2022-03-27 17:37:09,418 INFO  SwAddin.cs: 316 - Opening property manager
2022-03-27 17:37:09,419 INFO  ExportHelperExtension.cs: 1125 - Retrieving features of type [CoordSys] from Assem1
2022-03-27 17:37:09,419 INFO  ExportHelperExtension.cs: 1136 - Found 31 in Assem1
2022-03-27 17:37:09,420 INFO  ExportHelperExtension.cs: 1145 - Found 0 features of type [CoordSys] in Assem1
2022-03-27 17:37:09,420 INFO  ExportHelperExtension.cs: 1148 - Proceeding through assembly components
2022-03-27 17:37:09,420 INFO  ExportHelperExtension.cs: 1160 - 3 components to check
2022-03-27 17:37:09,421 INFO  ExportHelperExtension.cs: 1125 - Retrieving features of type [CoordSys] from gripper_hode-1
2022-03-27 17:37:09,421 INFO  ExportHelperExtension.cs: 1136 - Found 26 in gripper_hode-1
2022-03-27 17:37:09,422 INFO  ExportHelperExtension.cs: 1145 - Found 0 features of type [CoordSys] in gripper_hode-1
2022-03-27 17:37:09,423 INFO  ExportHelperExtension.cs: 1125 - Retrieving features of type [CoordSys] from gripper_left-1
2022-03-27 17:37:09,424 INFO  ExportHelperExtension.cs: 1136 - Found 28 in gripper_left-1
2022-03-27 17:37:09,425 INFO  ExportHelperExtension.cs: 1145 - Found 0 features of type [CoordSys] in gripper_left-1
2022-03-27 17:37:09,426 INFO  ExportHelperExtension.cs: 1125 - Retrieving features of type [CoordSys] from gripper_right-1
2022-03-27 17:37:09,427 INFO  ExportHelperExtension.cs: 1136 - Found 28 in gripper_right-1
2022-03-27 17:37:09,427 INFO  ExportHelperExtension.cs: 1145 - Found 0 features of type [CoordSys] in gripper_right-1
2022-03-27 17:37:09,427 INFO  ExportHelperExtension.cs: 1125 - Retrieving features of type [RefAxis] from Assem1
2022-03-27 17:37:09,428 INFO  ExportHelperExtension.cs: 1136 - Found 31 in Assem1
2022-03-27 17:37:09,428 INFO  ExportHelperExtension.cs: 1145 - Found 0 features of type [RefAxis] in Assem1
2022-03-27 17:37:09,428 INFO  ExportHelperExtension.cs: 1148 - Proceeding through assembly components
2022-03-27 17:37:09,429 INFO  ExportHelperExtension.cs: 1160 - 3 components to check
2022-03-27 17:37:09,429 INFO  ExportHelperExtension.cs: 1125 - Retrieving features of type [RefAxis] from gripper_hode-1
2022-03-27 17:37:09,429 INFO  ExportHelperExtension.cs: 1136 - Found 26 in gripper_hode-1
2022-03-27 17:37:09,430 INFO  ExportHelperExtension.cs: 1145 - Found 0 features of type [RefAxis] in gripper_hode-1
2022-03-27 17:37:09,430 INFO  ExportHelperExtension.cs: 1125 - Retrieving features of type [RefAxis] from gripper_left-1
2022-03-27 17:37:09,431 INFO  ExportHelperExtension.cs: 1136 - Found 28 in gripper_left-1
2022-03-27 17:37:09,431 INFO  ExportHelperExtension.cs: 1145 - Found 0 features of type [RefAxis] in gripper_left-1
2022-03-27 17:37:09,431 INFO  ExportHelperExtension.cs: 1125 - Retrieving features of type [RefAxis] from gripper_right-1
2022-03-27 17:37:09,432 INFO  ExportHelperExtension.cs: 1136 - Found 28 in gripper_right-1
2022-03-27 17:37:09,432 INFO  ExportHelperExtension.cs: 1145 - Found 0 features of type [RefAxis] in gripper_right-1
2022-03-27 17:37:09,708 INFO  SwAddin.cs: 339 - Loading config tree
2022-03-27 17:37:09,708 INFO  ExportPropertyManagerExtension.cs: 520 - Starting new configuration
2022-03-27 17:37:09,710 INFO  SwAddin.cs: 344 - Showing property manager
2022-03-27 17:56:26,628 INFO  ExportPropertyManager.cs: 1136 - OnNumberBoxTrackingCompleted called. This method no longer throws an Exception. It just silently does nothing. Ok, except for this logging message
2022-03-27 17:56:26,779 INFO  ExportPropertyManager.cs: 1136 - OnNumberBoxTrackingCompleted called. This method no longer throws an Exception. It just silently does nothing. Ok, except for this logging message
2022-03-27 17:56:47,973 INFO  ExportPropertyManager.cs: 1018 - OnComboboxSelectionChanged called. This method no longer throws an Exception. It just silently does nothing. Ok, except for this logging message
2022-03-27 17:57:09,567 INFO  ExportPropertyManager.cs: 1018 - OnComboboxSelectionChanged called. This method no longer throws an Exception. It just silently does nothing. Ok, except for this logging message
2022-03-27 17:57:27,958 INFO  ExportPropertyManager.cs: 422 - Configuration saved
2022-03-27 17:57:30,250 INFO  ExportHelperExtension.cs: 347 - Creating joint left_gripper
2022-03-27 17:57:30,258 INFO  ExportHelperExtension.cs: 1397 - Fixing components for gripper_head
2022-03-27 17:57:30,259 INFO  ExportHelperExtension.cs: 1402 - Fixing 25
2022-03-27 17:57:30,260 INFO  ExportHelperExtension.cs: 1409 - Component 25 is already fixed
2022-03-27 17:57:30,791 INFO  ExportHelperExtension.cs: 832 - R1: 0, 0
2022-03-27 17:57:30,791 INFO  ExportHelperExtension.cs: 841 - R2: 0, 0
2022-03-27 17:57:30,799 INFO  : 0 - L1: 1, System.Double[]
2022-03-27 17:57:30,802 INFO  ExportHelperExtension.cs: 857 - L2: 0
2022-03-27 17:57:31,012 INFO  ExportHelperExtension.cs: 1247 - Parent SW Component: gripper_hode-1
2022-03-27 17:57:31,013 INFO  ExportHelperExtension.cs: 1248 - Child SW Component: gripper_left-1
2022-03-27 17:57:31,013 INFO  ExportHelperExtension.cs: 1253 - Determining limit mate eligibility 
2022-03-27 17:57:31,015 INFO  ExportHelperExtension.cs: 1259 - Adding component entity: gripper_left-1
2022-03-27 17:57:31,016 INFO  ExportHelperExtension.cs: 1259 - Adding component entity: gripper_hode-1
2022-03-27 17:57:32,764 WARN  ExportHelperExtension.cs: 351 - Creating joint from parent gripper_head to child left_gripper failed
2022-03-27 17:57:32,772 INFO  ExportHelperExtension.cs: 347 - Creating joint right_gripper
2022-03-27 17:57:32,773 INFO  ExportHelperExtension.cs: 1397 - Fixing components for gripper_head
2022-03-27 17:57:32,773 INFO  ExportHelperExtension.cs: 1402 - Fixing 25
2022-03-27 17:57:32,774 INFO  ExportHelperExtension.cs: 1409 - Component 25 is already fixed
2022-03-27 17:57:33,212 INFO  ExportHelperExtension.cs: 832 - R1: 0, 0
2022-03-27 17:57:33,213 INFO  ExportHelperExtension.cs: 841 - R2: 0, 0
2022-03-27 17:57:33,213 INFO  ExportHelperExtension.cs: 845 - L1: 1, System.Double[]
2022-03-27 17:57:33,213 INFO  ExportHelperExtension.cs: 857 - L2: 0
2022-03-27 17:57:33,352 INFO  ExportHelperExtension.cs: 1247 - Parent SW Component: gripper_hode-1
2022-03-27 17:57:33,352 INFO  ExportHelperExtension.cs: 1248 - Child SW Component: gripper_right-1
2022-03-27 17:57:33,353 INFO  ExportHelperExtension.cs: 1253 - Determining limit mate eligibility 
2022-03-27 17:57:33,353 INFO  ExportHelperExtension.cs: 1259 - Adding component entity: gripper_right-1
2022-03-27 17:57:33,353 INFO  ExportHelperExtension.cs: 1259 - Adding component entity: gripper_hode-1
2022-03-27 17:57:34,878 WARN  ExportHelperExtension.cs: 351 - Creating joint from parent gripper_head to child right_gripper failed
2022-03-27 17:57:35,038 INFO  ExportHelperExtension.cs: 1125 - Retrieving features of type [CoordSys] from Assem1
2022-03-27 17:57:35,043 INFO  ExportHelperExtension.cs: 1136 - Found 38 in Assem1
2022-03-27 17:57:35,044 INFO  ExportHelperExtension.cs: 1145 - Found 3 features of type [CoordSys] in Assem1
2022-03-27 17:57:35,044 INFO  ExportHelperExtension.cs: 1148 - Proceeding through assembly components
2022-03-27 17:57:35,044 INFO  ExportHelperExtension.cs: 1160 - 3 components to check
2022-03-27 17:57:35,045 INFO  ExportHelperExtension.cs: 1125 - Retrieving features of type [CoordSys] from gripper_hode-1
2022-03-27 17:57:35,045 INFO  ExportHelperExtension.cs: 1136 - Found 26 in gripper_hode-1
2022-03-27 17:57:35,046 INFO  ExportHelperExtension.cs: 1145 - Found 0 features of type [CoordSys] in gripper_hode-1
2022-03-27 17:57:35,046 INFO  ExportHelperExtension.cs: 1125 - Retrieving features of type [CoordSys] from gripper_left-1
2022-03-27 17:57:35,046 INFO  ExportHelperExtension.cs: 1136 - Found 28 in gripper_left-1
2022-03-27 17:57:35,047 INFO  ExportHelperExtension.cs: 1145 - Found 0 features of type [CoordSys] in gripper_left-1
2022-03-27 17:57:35,072 INFO  ExportHelperExtension.cs: 1125 - Retrieving features of type [CoordSys] from gripper_right-1
2022-03-27 17:57:35,073 INFO  ExportHelperExtension.cs: 1136 - Found 28 in gripper_right-1
2022-03-27 17:57:35,074 INFO  ExportHelperExtension.cs: 1145 - Found 0 features of type [CoordSys] in gripper_right-1
2022-03-27 17:57:35,074 INFO  ExportHelperExtension.cs: 1125 - Retrieving features of type [RefAxis] from Assem1
2022-03-27 17:57:35,074 INFO  ExportHelperExtension.cs: 1136 - Found 38 in Assem1
2022-03-27 17:57:35,075 INFO  ExportHelperExtension.cs: 1145 - Found 2 features of type [RefAxis] in Assem1
2022-03-27 17:57:35,075 INFO  ExportHelperExtension.cs: 1148 - Proceeding through assembly components
2022-03-27 17:57:35,075 INFO  ExportHelperExtension.cs: 1160 - 3 components to check
2022-03-27 17:57:35,076 INFO  ExportHelperExtension.cs: 1125 - Retrieving features of type [RefAxis] from gripper_hode-1
2022-03-27 17:57:35,076 INFO  ExportHelperExtension.cs: 1136 - Found 26 in gripper_hode-1
2022-03-27 17:57:35,077 INFO  ExportHelperExtension.cs: 1145 - Found 0 features of type [RefAxis] in gripper_hode-1
2022-03-27 17:57:35,077 INFO  ExportHelperExtension.cs: 1125 - Retrieving features of type [RefAxis] from gripper_left-1
2022-03-27 17:57:35,078 INFO  ExportHelperExtension.cs: 1136 - Found 28 in gripper_left-1
2022-03-27 17:57:35,078 INFO  ExportHelperExtension.cs: 1145 - Found 0 features of type [RefAxis] in gripper_left-1
2022-03-27 17:57:35,078 INFO  ExportHelperExtension.cs: 1125 - Retrieving features of type [RefAxis] from gripper_right-1
2022-03-27 17:57:35,079 INFO  ExportHelperExtension.cs: 1136 - Found 28 in gripper_right-1
2022-03-27 17:57:35,079 INFO  ExportHelperExtension.cs: 1145 - Found 0 features of type [RefAxis] in gripper_right-1
2022-03-27 17:57:35,142 INFO  ExportPropertyManager.cs: 1142 - AfterClose called. This method no longer throws an Exception. It just silently does nothing. Ok, except for this logging message
2022-03-27 17:58:23,771 INFO  AssemblyExportForm.cs: 253 - Completing URDF export
2022-03-27 17:58:23,777 INFO  ConfigurationSerialization.cs: 276 - URDF Configuration found
<Link z:Id="i1" xmlns="http://schemas.datacontract.org/2004/07/SW2URDF" xmlns:i="http://www.w3.org/2001/XMLSchema-instance" xmlns:z="http://schemas.microsoft.com/2003/10/Serialization/"><Attributes><Attribute z:Id="i2"><AttributeType>name</AttributeType><IsRequired>true</IsRequired><Value i:type="a:string" xmlns:a="http://www.w3.org/2001/XMLSchema">gripper_head</Value></Attribute></Attributes><ChildElements><URDFElement z:Id="i3" i:type="Inertial"><Attributes/><ChildElements><URDFElement z:Id="i4" i:type="Origin"><Attributes><Attribute z:Id="i5"><AttributeType>xyz</AttributeType><IsRequired>true</IsRequired><Value i:type="a:ArrayOfdouble" xmlns:a="http://schemas.microsoft.com/2003/10/Serialization/Arrays"><a:double>0</a:double><a:double>0</a:double><a:double>0</a:double></Value></Attribute><Attribute z:Id="i6"><AttributeType>rpy</AttributeType><IsRequired>true</IsRequired><Value i:type="a:ArrayOfdouble" xmlns:a="http://schemas.microsoft.com/2003/10/Serialization/Arrays"><a:double>0</a:double><a:double>0</a:double><a:double>0</a:double></Value></Attribute></Attributes><ChildElements/><ElementName>origin</ElementName><required>false</required><RPYAttribute z:Ref="i6"/><XYZAttribute z:Ref="i5"/><isCustomized>false</isCustomized></URDFElement><URDFElement z:Id="i7" i:type="Mass"><Attributes><Attribute z:Id="i8"><AttributeType>value</AttributeType><IsRequired>true</IsRequired><Value i:type="a:double" xmlns:a="http://www.w3.org/2001/XMLSchema">0</Value></Attribute></Attributes><ChildElements/><ElementName>mass</ElementName><required>false</required><ValueAttribute z:Ref="i8"/></URDFElement><URDFElement z:Id="i9" i:type="Inertia"><Attributes><Attribute z:Id="i10"><AttributeType>ixx</AttributeType><IsRequired>true</IsRequired><Value i:type="a:double" xmlns:a="http://www.w3.org/2001/XMLSchema">0</Value></Attribute><Attribute z:Id="i11"><AttributeType>ixy</AttributeType><IsRequired>true</IsRequired><Value i:type="a:double" xmlns:a="http://www.w3.org/2001/XMLSchema">0</Value></Attribute><Attribute z:Id="i12"><AttributeType>ixz</AttributeType><IsRequired>true</IsRequired><Value i:type="a:double" xmlns:a="http://www.w3.org/2001/XMLSchema">0</Value></Attribute><Attribute z:Id="i13"><AttributeType>iyy</AttributeType><IsRequired>true</IsRequired><Value i:type="a:double" xmlns:a="http://www.w3.org/2001/XMLSchema">0</Value></Attribute><Attribute z:Id="i14"><AttributeType>iyz</AttributeType><IsRequired>true</IsRequired><Value i:type="a:double" xmlns:a="http://www.w3.org/2001/XMLSchema">0</Value></Attribute><Attribute z:Id="i15"><AttributeType>izz</AttributeType><IsRequired>true</IsRequired><Value i:type="a:double" xmlns:a="http://www.w3.org/2001/XMLSchema">0</Value></Attribute></Attributes><ChildElements/><ElementName>inertia</ElementName><required>false</required><IxxAttribute z:Ref="i10"/><IxyAttribute z:Ref="i11"/><IxzAttribute z:Ref="i12"/><IyyAttribute z:Ref="i13"/><IyzAttribute z:Ref="i14"/><IzzAttribute z:Ref="i15"/></URDFElement></ChildElements><ElementName>inertial</ElementName><required>false</required><Inertia z:Ref="i9"/><Mass z:Ref="i7"/><Origin z:Ref="i4"/></URDFElement><URDFElement z:Id="i16" i:type="Visual"><Attributes/><ChildElements><URDFElement z:Id="i17" i:type="Origin"><Attributes><Attribute z:Id="i18"><AttributeType>xyz</AttributeType><IsRequired>true</IsRequired><Value i:type="a:ArrayOfdouble" xmlns:a="http://schemas.microsoft.com/2003/10/Serialization/Arrays"><a:double>0</a:double><a:double>0</a:double><a:double>0</a:double></Value></Attribute><Attribute z:Id="i19"><AttributeType>rpy</AttributeType><IsRequired>true</IsRequired><Value i:type="a:ArrayOfdouble" xmlns:a="http://schemas.microsoft.com/2003/10/Serialization/Arrays"><a:double>0</a:double><a:double>0</a:double><a:double>0</a:double></Value></Attribute></Attributes><ChildElements/><ElementName>origin</ElementName><required>false</required><RPYAttribute z:Ref="i19"/><XYZAttribute z:Ref="i18"/><isCustomized>false</isCustomized></URDFElement><URDFElement z:Id="i20" i:type="Geometry"><Attributes/><ChildElements><URDFElement z:Id="i21" i:type="Mesh"><Attributes><Attribute z:Id="i22"><AttributeType>filename</AttributeType><IsRequired>true</IsRequired><Value i:nil="true"/></Attribute></Attributes><ChildElements/><ElementName>mesh</ElementName><required>false</required><FilenameAttribute z:Ref="i22"/></URDFElement></ChildElements><ElementName>geometry</ElementName><required>true</required><Mesh z:Ref="i21"/></URDFElement><URDFElement z:Id="i23" i:type="Material"><Attributes><Attribute z:Id="i24"><AttributeType>name</AttributeType><IsRequired>true</IsRequired><Value i:type="a:string" xmlns:a="http://www.w3.org/2001/XMLSchema"/></Attribute></Attributes><ChildElements><URDFElement z:Id="i25" i:type="Color"><Attributes><Attribute z:Id="i26"><AttributeType>rgba</AttributeType><IsRequired>true</IsRequired><Value i:type="a:ArrayOfdouble" xmlns:a="http://schemas.microsoft.com/2003/10/Serialization/Arrays"><a:double>1</a:double><a:double>1</a:double><a:double>1</a:double><a:double>1</a:double></Value></Attribute></Attributes><ChildElements/><ElementName>color</ElementName><required>false</required><RGBAAttribute z:Ref="i26"/></URDFElement><URDFElement z:Id="i27" i:type="Texture"><Attributes><Attribute z:Id="i28"><AttributeType>filename</AttributeType><IsRequired>true</IsRequired><Value i:nil="true"/></Attribute></Attributes><ChildElements/><ElementName>texture</ElementName><required>false</required><FilenameAttribute z:Ref="i28"/><wFilename/></URDFElement></ChildElements><ElementName>material</ElementName><required>false</required><Color z:Ref="i25"/><NameAttribute z:Ref="i24"/><Texture z:Ref="i27"/></URDFElement></ChildElements><ElementName>visual</ElementName><required>false</required><Geometry z:Ref="i20"/><Material z:Ref="i23"/><Origin z:Ref="i17"/></URDFElement><URDFElement z:Id="i29" i:type="Collision"><Attributes/><ChildElements><URDFElement z:Id="i30" i:type="Origin"><Attributes><Attribute z:Id="i31"><AttributeType>xyz</AttributeType><IsRequired>true</IsRequired><Value i:type="a:ArrayOfdouble" xmlns:a="http://schemas.microsoft.com/2003/10/Serialization/Arrays"><a:double>0</a:double><a:double>0</a:double><a:double>0</a:double></Value></Attribute><Attribute z:Id="i32"><AttributeType>rpy</AttributeType><IsRequired>true</IsRequired><Value i:type="a:ArrayOfdouble" xmlns:a="http://schemas.microsoft.com/2003/10/Serialization/Arrays"><a:double>0</a:double><a:double>0</a:double><a:double>0</a:double></Value></Attribute></Attributes><ChildElements/><ElementName>origin</ElementName><required>false</required><RPYAttribute z:Ref="i32"/><XYZAttribute z:Ref="i31"/><isCustomized>false</isCustomized></URDFElement><URDFElement z:Id="i33" i:type="Geometry"><Attributes/><ChildElements><URDFElement z:Id="i34" i:type="Mesh"><Attributes><Attribute z:Id="i35"><AttributeType>filename</AttributeType><IsRequired>true</IsRequired><Value i:nil="true"/></Attribute></Attributes><ChildElements/><ElementName>mesh</ElementName><required>false</required><FilenameAttribute z:Ref="i35"/></URDFElement></ChildElements><ElementName>geometry</ElementName><required>true</required><Mesh z:Ref="i34"/></URDFElement></ChildElements><ElementName>collision</ElementName><required>false</required><Geometry z:Ref="i33"/><Origin z:Ref="i30"/></URDFElement><URDFElement z:Id="i36" i:type="Joint"><Attributes><Attribute z:Id="i37"><AttributeType>name</AttributeType><IsRequired>true</IsRequired><Value i:type="a:string" xmlns:a="http://www.w3.org/2001/XMLSchema"/></Attribute><Attribute z:Id="i38"><AttributeType>type</AttributeType><IsRequired>true</IsRequired><Value i:type="a:string" xmlns:a="http://www.w3.org/2001/XMLSchema"/></Attribute></Attributes><ChildElements><URDFElement z:Id="i39" i:type="Origin"><Attributes><Attribute z:Id="i40"><AttributeType>xyz</AttributeType><IsRequired>true</IsRequired><Value i:type="a:ArrayOfdouble" xmlns:a="http://schemas.microsoft.com/2003/10/Serialization/Arrays"><a:double>0</a:double><a:double>0</a:double><a:double>0</a:double></Value></Attribute><Attribute z:Id="i41"><AttributeType>rpy</AttributeType><IsRequired>true</IsRequired><Value i:type="a:ArrayOfdouble" xmlns:a="http://schemas.microsoft.com/2003/10/Serialization/Arrays"><a:double>0</a:double><a:double>0</a:double><a:double>0</a:double></Value></Attribute></Attributes><ChildElements/><ElementName>origin</ElementName><required>false</required><RPYAttribute z:Ref="i41"/><XYZAttribute z:Ref="i40"/><isCustomized>false</isCustomized></URDFElement><URDFElement z:Id="i42" i:type="ParentLink"><Attributes><Attribute z:Id="i43"><AttributeType>link</AttributeType><IsRequired>true</IsRequired><Value i:type="a:string" xmlns:a="http://www.w3.org/2001/XMLSchema"/></Attribute></Attributes><ChildElements/><ElementName>parent</ElementName><required>true</required><NameAttribute z:Ref="i43"/></URDFElement><URDFElement z:Id="i44" i:type="ChildLink"><Attributes><Attribute z:Id="i45"><AttributeType>link</AttributeType><IsRequired>true</IsRequired><Value i:type="a:string" xmlns:a="http://www.w3.org/2001/XMLSchema"/></Attribute></Attributes><ChildElements/><ElementName>child</ElementName><required>true</required><NameAttribute z:Ref="i45"/></URDFElement><URDFElement z:Id="i46" i:type="Axis"><Attributes><Attribute z:Id="i47"><AttributeType>xyz</AttributeType><IsRequired>true</IsRequired><Value i:type="a:ArrayOfdouble" xmlns:a="http://schemas.microsoft.com/2003/10/Serialization/Arrays"><a:double>0</a:double><a:double>0</a:double><a:double>0</a:double></Value></Attribute></Attributes><ChildElements/><ElementName>axis</ElementName><required>false</required><XYZAttribute z:Ref="i47"/></URDFElement><URDFElement z:Id="i48" i:type="Limit"><Attributes><Attribute z:Id="i49"><AttributeType>lower</AttributeType><IsRequired>false</IsRequired><Value i:nil="true"/></Attribute><Attribute z:Id="i50"><AttributeType>upper</AttributeType><IsRequired>false</IsRequired><Value i:nil="true"/></Attribute><Attribute z:Id="i51"><AttributeType>effort</AttributeType><IsRequired>true</IsRequired><Value i:nil="true"/></Attribute><Attribute z:Id="i52"><AttributeType>velocity</AttributeType><IsRequired>true</IsRequired><Value i:nil="true"/></Attribute></Attributes><ChildElements/><ElementName>limit</ElementName><required>false</required><EffortAttribute z:Ref="i51"/><LowerAttribute z:Ref="i49"/><UpperAttribute z:Ref="i50"/><VelocityAttribute z:Ref="i52"/></URDFElement><URDFElement z:Id="i53" i:type="Calibration"><Attributes><Attribute z:Id="i54"><AttributeType>rising</AttributeType><IsRequired>false</IsRequired><Value i:nil="true"/></Attribute><Attribute z:Id="i55"><AttributeType>falling</AttributeType><IsRequired>false</IsRequired><Value i:nil="true"/></Attribute></Attributes><ChildElements/><ElementName>calibration</ElementName><required>false</required><FallingAttribute z:Ref="i55"/><RisingAttribute z:Ref="i54"/></URDFElement><URDFElement z:Id="i56" i:type="Dynamics"><Attributes><Attribute z:Id="i57"><AttributeType>damping</AttributeType><IsRequired>false</IsRequired><Value i:nil="true"/></Attribute><Attribute z:Id="i58"><AttributeType>friction</AttributeType><IsRequired>false</IsRequired><Value i:nil="true"/></Attribute></Attributes><ChildElements/><ElementName>dynamics</ElementName><required>false</required><DampingAttribute z:Ref="i57"/><FrictionAttribute z:Ref="i58"/></URDFElement><URDFElement z:Id="i59" i:type="SafetyController"><Attributes><Attribute z:Id="i60"><AttributeType>soft_upper_limit</AttributeType><IsRequired>false</IsRequired><Value i:nil="true"/></Attribute><Attribute z:Id="i61"><AttributeType>soft_lower_limit</AttributeType><IsRequired>false</IsRequired><Value i:nil="true"/></Attribute><Attribute z:Id="i62"><AttributeType>k_position</AttributeType><IsRequired>false</IsRequired><Value i:nil="true"/></Attribute><Attribute z:Id="i63"><AttributeType>k_velocity</AttributeType><IsRequired>true</IsRequired><Value i:nil="true"/></Attribute></Attributes><ChildElements/><ElementName>safety_controller</ElementName><required>false</required><KPositionAttribute z:Ref="i62"/><KVelocityAttribute z:Ref="i63"/><SoftLowerAttribute z:Ref="i61"/><SoftUpperAttribute z:Ref="i60"/></URDFElement><URDFElement z:Id="i64" i:type="Mimic"><Attributes><Attribute z:Id="i65"><AttributeType>joint</AttributeType><IsRequired>true</IsRequired><Value i:nil="true"/></Attribute><Attribute z:Id="i66"><AttributeType>multiplier</AttributeType><IsRequired>false</IsRequired><Value i:nil="true"/></Attribute><Attribute z:Id="i67"><AttributeType>offset</AttributeType><IsRequired>false</IsRequired><Value i:nil="true"/></Attribute></Attributes><ChildElements/><ElementName>mimic</ElementName><required>false</required><JointNameAttribute z:Ref="i65"/><MultiplierAttribute z:Ref="i66"/><OffsetAttribute z:Ref="i67"/></URDFElement></ChildElements><ElementName>joint</ElementName><required>false</required><Axis z:Ref="i46"/><AxisName/><Calibration z:Ref="i53"/><Child z:Ref="i44"/><CoordinateSystemName>Automatically Generate</CoordinateSystemName><Dynamics z:Ref="i56"/><Limit z:Ref="i48"/><Mimic z:Ref="i64"/><NameAttribute z:Ref="i37"/><Origin z:Ref="i39"/><Parent z:Ref="i42"/><Safety z:Ref="i59"/><TypeAttribute z:Ref="i38"/></URDFElement></ChildElements><ElementName>link</ElementName><required>true</required><Children><Link z:Id="i68"><Attributes><Attribute z:Id="i69"><AttributeType>name</AttributeType><IsRequired>true</IsRequired><Value i:type="a:string" xmlns:a="http://www.w3.org/2001/XMLSchema">left_gripper</Value></Attribute></Attributes><ChildElements><URDFElement z:Id="i70" i:type="Inertial"><Attributes/><ChildElements><URDFElement z:Id="i71" i:type="Origin"><Attributes><Attribute z:Id="i72"><AttributeType>xyz</AttributeType><IsRequired>true</IsRequired><Value i:type="a:ArrayOfdouble" xmlns:a="http://schemas.microsoft.com/2003/10/Serialization/Arrays"><a:double>0</a:double><a:double>0</a:double><a:double>0</a:double></Value></Attribute><Attribute z:Id="i73"><AttributeType>rpy</AttributeType><IsRequired>true</IsRequired><Value i:type="a:ArrayOfdouble" xmlns:a="http://schemas.microsoft.com/2003/10/Serialization/Arrays"><a:double>0</a:double><a:double>0</a:double><a:double>0</a:double></Value></Attribute></Attributes><ChildElements/><ElementName>origin</ElementName><required>false</required><RPYAttribute z:Ref="i73"/><XYZAttribute z:Ref="i72"/><isCustomized>false</isCustomized></URDFElement><URDFElement z:Id="i74" i:type="Mass"><Attributes><Attribute z:Id="i75"><AttributeType>value</AttributeType><IsRequired>true</IsRequired><Value i:type="a:double" xmlns:a="http://www.w3.org/2001/XMLSchema">0</Value></Attribute></Attributes><ChildElements/><ElementName>mass</ElementName><required>false</required><ValueAttribute z:Ref="i75"/></URDFElement><URDFElement z:Id="i76" i:type="Inertia"><Attributes><Attribute z:Id="i77"><AttributeType>ixx</AttributeType><IsRequired>true</IsRequired><Value i:type="a:double" xmlns:a="http://www.w3.org/2001/XMLSchema">0</Value></Attribute><Attribute z:Id="i78"><AttributeType>ixy</AttributeType><IsRequired>true</IsRequired><Value i:type="a:double" xmlns:a="http://www.w3.org/2001/XMLSchema">0</Value></Attribute><Attribute z:Id="i79"><AttributeType>ixz</AttributeType><IsRequired>true</IsRequired><Value i:type="a:double" xmlns:a="http://www.w3.org/2001/XMLSchema">0</Value></Attribute><Attribute z:Id="i80"><AttributeType>iyy</AttributeType><IsRequired>true</IsRequired><Value i:type="a:double" xmlns:a="http://www.w3.org/2001/XMLSchema">0</Value></Attribute><Attribute z:Id="i81"><AttributeType>iyz</AttributeType><IsRequired>true</IsRequired><Value i:type="a:double" xmlns:a="http://www.w3.org/2001/XMLSchema">0</Value></Attribute><Attribute z:Id="i82"><AttributeType>izz</AttributeType><IsRequired>true</IsRequired><Value i:type="a:double" xmlns:a="http://www.w3.org/2001/XMLSchema">0</Value></Attribute></Attributes><ChildElements/><ElementName>inertia</ElementName><required>false</required><IxxAttribute z:Ref="i77"/><IxyAttribute z:Ref="i78"/><IxzAttribute z:Ref="i79"/><IyyAttribute z:Ref="i80"/><IyzAttribute z:Ref="i81"/><IzzAttribute z:Ref="i82"/></URDFElement></ChildElements><ElementName>inertial</ElementName><required>false</required><Inertia z:Ref="i76"/><Mass z:Ref="i74"/><Origin z:Ref="i71"/></URDFElement><URDFElement z:Id="i83" i:type="Visual"><Attributes/><ChildElements><URDFElement z:Id="i84" i:type="Origin"><Attributes><Attribute z:Id="i85"><AttributeType>xyz</AttributeType><IsRequired>true</IsRequired><Value i:type="a:ArrayOfdouble" xmlns:a="http://schemas.microsoft.com/2003/10/Serialization/Arrays"><a:double>0</a:double><a:double>0</a:double><a:double>0</a:double></Value></Attribute><Attribute z:Id="i86"><AttributeType>rpy</AttributeType><IsRequired>true</IsRequired><Value i:type="a:ArrayOfdouble" xmlns:a="http://schemas.microsoft.com/2003/10/Serialization/Arrays"><a:double>0</a:double><a:double>0</a:double><a:double>0</a:double></Value></Attribute></Attributes><ChildElements/><ElementName>origin</ElementName><required>false</required><RPYAttribute z:Ref="i86"/><XYZAttribute z:Ref="i85"/><isCustomized>false</isCustomized></URDFElement><URDFElement z:Id="i87" i:type="Geometry"><Attributes/><ChildElements><URDFElement z:Id="i88" i:type="Mesh"><Attributes><Attribute z:Id="i89"><AttributeType>filename</AttributeType><IsRequired>true</IsRequired><Value i:nil="true"/></Attribute></Attributes><ChildElements/><ElementName>mesh</ElementName><required>false</required><FilenameAttribute z:Ref="i89"/></URDFElement></ChildElements><ElementName>geometry</ElementName><required>true</required><Mesh z:Ref="i88"/></URDFElement><URDFElement z:Id="i90" i:type="Material"><Attributes><Attribute z:Id="i91"><AttributeType>name</AttributeType><IsRequired>true</IsRequired><Value i:type="a:string" xmlns:a="http://www.w3.org/2001/XMLSchema"/></Attribute></Attributes><ChildElements><URDFElement z:Id="i92" i:type="Color"><Attributes><Attribute z:Id="i93"><AttributeType>rgba</AttributeType><IsRequired>true</IsRequired><Value i:type="a:ArrayOfdouble" xmlns:a="http://schemas.microsoft.com/2003/10/Serialization/Arrays"><a:double>1</a:double><a:double>1</a:double><a:double>1</a:double><a:double>1</a:double></Value></Attribute></Attributes><ChildElements/><ElementName>color</ElementName><required>false</required><RGBAAttribute z:Ref="i93"/></URDFElement><URDFElement z:Id="i94" i:type="Texture"><Attributes><Attribute z:Id="i95"><AttributeType>filename</AttributeType><IsRequired>true</IsRequired><Value i:nil="true"/></Attribute></Attributes><ChildElements/><ElementName>texture</ElementName><required>false</required><FilenameAttribute z:Ref="i95"/><wFilename/></URDFElement></ChildElements><ElementName>material</ElementName><required>false</required><Color z:Ref="i92"/><NameAttribute z:Ref="i91"/><Texture z:Ref="i94"/></URDFElement></ChildElements><ElementName>visual</ElementName><required>false</required><Geometry z:Ref="i87"/><Material z:Ref="i90"/><Origin z:Ref="i84"/></URDFElement><URDFElement z:Id="i96" i:type="Collision"><Attributes/><ChildElements><URDFElement z:Id="i97" i:type="Origin"><Attributes><Attribute z:Id="i98"><AttributeType>xyz</AttributeType><IsRequired>true</IsRequired><Value i:type="a:ArrayOfdouble" xmlns:a="http://schemas.microsoft.com/2003/10/Serialization/Arrays"><a:double>0</a:double><a:double>0</a:double><a:double>0</a:double></Value></Attribute><Attribute z:Id="i99"><AttributeType>rpy</AttributeType><IsRequired>true</IsRequired><Value i:type="a:ArrayOfdouble" xmlns:a="http://schemas.microsoft.com/2003/10/Serialization/Arrays"><a:double>0</a:double><a:double>0</a:double><a:double>0</a:double></Value></Attribute></Attributes><ChildElements/><ElementName>origin</ElementName><required>false</required><RPYAttribute z:Ref="i99"/><XYZAttribute z:Ref="i98"/><isCustomized>false</isCustomized></URDFElement><URDFElement z:Id="i100" i:type="Geometry"><Attributes/><ChildElements><URDFElement z:Id="i101" i:type="Mesh"><Attributes><Attribute z:Id="i102"><AttributeType>filename</AttributeType><IsRequired>true</IsRequired><Value i:nil="true"/></Attribute></Attributes><ChildElements/><ElementName>mesh</ElementName><required>false</required><FilenameAttribute z:Ref="i102"/></URDFElement></ChildElements><ElementName>geometry</ElementName><required>true</required><Mesh z:Ref="i101"/></URDFElement></ChildElements><ElementName>collision</ElementName><required>false</required><Geometry z:Ref="i100"/><Origin z:Ref="i97"/></URDFElement><URDFElement z:Id="i103" i:type="Joint"><Attributes><Attribute z:Id="i104"><AttributeType>name</AttributeType><IsRequired>true</IsRequired><Value i:type="a:string" xmlns:a="http://www.w3.org/2001/XMLSchema">left_gripper_joint</Value></Attribute><Attribute z:Id="i105"><AttributeType>type</AttributeType><IsRequired>true</IsRequired><Value i:type="a:string" xmlns:a="http://www.w3.org/2001/XMLSchema">prismatic</Value></Attribute></Attributes><ChildElements><URDFElement z:Id="i106" i:type="Origin"><Attributes><Attribute z:Id="i107"><AttributeType>xyz</AttributeType><IsRequired>true</IsRequired><Value i:type="a:ArrayOfdouble" xmlns:a="http://schemas.microsoft.com/2003/10/Serialization/Arrays"><a:double>0</a:double><a:double>0</a:double><a:double>0</a:double></Value></Attribute><Attribute z:Id="i108"><AttributeType>rpy</AttributeType><IsRequired>true</IsRequired><Value i:type="a:ArrayOfdouble" xmlns:a="http://schemas.microsoft.com/2003/10/Serialization/Arrays"><a:double>0</a:double><a:double>0</a:double><a:double>0</a:double></Value></Attribute></Attributes><ChildElements/><ElementName>origin</ElementName><required>false</required><RPYAttribute z:Ref="i108"/><XYZAttribute z:Ref="i107"/><isCustomized>false</isCustomized></URDFElement><URDFElement z:Id="i109" i:type="ParentLink"><Attributes><Attribute z:Id="i110"><AttributeType>link</AttributeType><IsRequired>true</IsRequired><Value i:type="a:string" xmlns:a="http://www.w3.org/2001/XMLSchema"/></Attribute></Attributes><ChildElements/><ElementName>parent</ElementName><required>true</required><NameAttribute z:Ref="i110"/></URDFElement><URDFElement z:Id="i111" i:type="ChildLink"><Attributes><Attribute z:Id="i112"><AttributeType>link</AttributeType><IsRequired>true</IsRequired><Value i:type="a:string" xmlns:a="http://www.w3.org/2001/XMLSchema"/></Attribute></Attributes><ChildElements/><ElementName>child</ElementName><required>true</required><NameAttribute z:Ref="i112"/></URDFElement><URDFElement z:Id="i113" i:type="Axis"><Attributes><Attribute z:Id="i114"><AttributeType>xyz</AttributeType><IsRequired>true</IsRequired><Value i:type="a:ArrayOfdouble" xmlns:a="http://schemas.microsoft.com/2003/10/Serialization/Arrays"><a:double>0</a:double><a:double>0</a:double><a:double>0</a:double></Value></Attribute></Attributes><ChildElements/><ElementName>axis</ElementName><required>false</required><XYZAttribute z:Ref="i114"/></URDFElement><URDFElement z:Id="i115" i:type="Limit"><Attributes><Attribute z:Id="i116"><AttributeType>lower</AttributeType><IsRequired>false</IsRequired><Value i:nil="true"/></Attribute><Attribute z:Id="i117"><AttributeType>upper</AttributeType><IsRequired>false</IsRequired><Value i:nil="true"/></Attribute><Attribute z:Id="i118"><AttributeType>effort</AttributeType><IsRequired>true</IsRequired><Value i:nil="true"/></Attribute><Attribute z:Id="i119"><AttributeType>velocity</AttributeType><IsRequired>true</IsRequired><Value i:nil="true"/></Attribute></Attributes><ChildElements/><ElementName>limit</ElementName><required>false</required><EffortAttribute z:Ref="i118"/><LowerAttribute z:Ref="i116"/><UpperAttribute z:Ref="i117"/><VelocityAttribute z:Ref="i119"/></URDFElement><URDFElement z:Id="i120" i:type="Calibration"><Attributes><Attribute z:Id="i121"><AttributeType>rising</AttributeType><IsRequired>false</IsRequired><Value i:nil="true"/></Attribute><Attribute z:Id="i122"><AttributeType>falling</AttributeType><IsRequired>false</IsRequired><Value i:nil="true"/></Attribute></Attributes><ChildElements/><ElementName>calibration</ElementName><required>false</required><FallingAttribute z:Ref="i122"/><RisingAttribute z:Ref="i121"/></URDFElement><URDFElement z:Id="i123" i:type="Dynamics"><Attributes><Attribute z:Id="i124"><AttributeType>damping</AttributeType><IsRequired>false</IsRequired><Value i:nil="true"/></Attribute><Attribute z:Id="i125"><AttributeType>friction</AttributeType><IsRequired>false</IsRequired><Value i:nil="true"/></Attribute></Attributes><ChildElements/><ElementName>dynamics</ElementName><required>false</required><DampingAttribute z:Ref="i124"/><FrictionAttribute z:Ref="i125"/></URDFElement><URDFElement z:Id="i126" i:type="SafetyController"><Attributes><Attribute z:Id="i127"><AttributeType>soft_upper_limit</AttributeType><IsRequired>false</IsRequired><Value i:nil="true"/></Attribute><Attribute z:Id="i128"><AttributeType>soft_lower_limit</AttributeType><IsRequired>false</IsRequired><Value i:nil="true"/></Attribute><Attribute z:Id="i129"><AttributeType>k_position</AttributeType><IsRequired>false</IsRequired><Value i:nil="true"/></Attribute><Attribute z:Id="i130"><AttributeType>k_velocity</AttributeType><IsRequired>true</IsRequired><Value i:nil="true"/></Attribute></Attributes><ChildElements/><ElementName>safety_controller</ElementName><required>false</required><KPositionAttribute z:Ref="i129"/><KVelocityAttribute z:Ref="i130"/><SoftLowerAttribute z:Ref="i128"/><SoftUpperAttribute z:Ref="i127"/></URDFElement><URDFElement z:Id="i131" i:type="Mimic"><Attributes><Attribute z:Id="i132"><AttributeType>joint</AttributeType><IsRequired>true</IsRequired><Value i:nil="true"/></Attribute><Attribute z:Id="i133"><AttributeType>multiplier</AttributeType><IsRequired>false</IsRequired><Value i:nil="true"/></Attribute><Attribute z:Id="i134"><AttributeType>offset</AttributeType><IsRequired>false</IsRequired><Value i:nil="true"/></Attribute></Attributes><ChildElements/><ElementName>mimic</ElementName><required>false</required><JointNameAttribute z:Ref="i132"/><MultiplierAttribute z:Ref="i133"/><OffsetAttribute z:Ref="i134"/></URDFElement></ChildElements><ElementName>joint</ElementName><required>false</required><Axis z:Ref="i113"/><AxisName>Automatically Generate</AxisName><Calibration z:Ref="i120"/><Child z:Ref="i111"/><CoordinateSystemName>Automatically Generate</CoordinateSystemName><Dynamics z:Ref="i123"/><Limit z:Ref="i115"/><Mimic z:Ref="i131"/><NameAttribute z:Ref="i104"/><Origin z:Ref="i106"/><Parent z:Ref="i109"/><Safety z:Ref="i126"/><TypeAttribute z:Ref="i105"/></URDFElement></ChildElements><ElementName>link</ElementName><required>true</required><Children/><Collision z:Ref="i96"/><Inertial z:Ref="i70"/><Joint z:Ref="i103"/><NameAttribute z:Ref="i69"/><Parent z:Ref="i1"/><STLQualityFine>false</STLQualityFine><SWComponentPIDs xmlns:a="http://schemas.microsoft.com/2003/10/Serialization/Arrays"><a:base64Binary>sDYAAAUAAAD//v8VZwByAGkAcABwAGUAcgBfAGwAZQBmAHQALQAxAEAAQQBzAHMAZQBtADEABAAAABAAAAABAAAAAQAAABwAAAA=</a:base64Binary></SWComponentPIDs><SWMainComponentPID i:nil="true"/><Visual z:Ref="i83"/><isFixedFrame>false</isFixedFrame><isIncomplete>false</isIncomplete></Link><Link z:Id="i135"><Attributes><Attribute z:Id="i136"><AttributeType>name</AttributeType><IsRequired>true</IsRequired><Value i:type="a:string" xmlns:a="http://www.w3.org/2001/XMLSchema">right_gripper</Value></Attribute></Attributes><ChildElements><URDFElement z:Id="i137" i:type="Inertial"><Attributes/><ChildElements><URDFElement z:Id="i138" i:type="Origin"><Attributes><Attribute z:Id="i139"><AttributeType>xyz</AttributeType><IsRequired>true</IsRequired><Value i:type="a:ArrayOfdouble" xmlns:a="http://schemas.microsoft.com/2003/10/Serialization/Arrays"><a:double>0</a:double><a:double>0</a:double><a:double>0</a:double></Value></Attribute><Attribute z:Id="i140"><AttributeType>rpy</AttributeType><IsRequired>true</IsRequired><Value i:type="a:ArrayOfdouble" xmlns:a="http://schemas.microsoft.com/2003/10/Serialization/Arrays"><a:double>0</a:double><a:double>0</a:double><a:double>0</a:double></Value></Attribute></Attributes><ChildElements/><ElementName>origin</ElementName><required>false</required><RPYAttribute z:Ref="i140"/><XYZAttribute z:Ref="i139"/><isCustomized>false</isCustomized></URDFElement><URDFElement z:Id="i141" i:type="Mass"><Attributes><Attribute z:Id="i142"><AttributeType>value</AttributeType><IsRequired>true</IsRequired><Value i:type="a:double" xmlns:a="http://www.w3.org/2001/XMLSchema">0</Value></Attribute></Attributes><ChildElements/><ElementName>mass</ElementName><required>false</required><ValueAttribute z:Ref="i142"/></URDFElement><URDFElement z:Id="i143" i:type="Inertia"><Attributes><Attribute z:Id="i144"><AttributeType>ixx</AttributeType><IsRequired>true</IsRequired><Value i:type="a:double" xmlns:a="http://www.w3.org/2001/XMLSchema">0</Value></Attribute><Attribute z:Id="i145"><AttributeType>ixy</AttributeType><IsRequired>true</IsRequired><Value i:type="a:double" xmlns:a="http://www.w3.org/2001/XMLSchema">0</Value></Attribute><Attribute z:Id="i146"><AttributeType>ixz</AttributeType><IsRequired>true</IsRequired><Value i:type="a:double" xmlns:a="http://www.w3.org/2001/XMLSchema">0</Value></Attribute><Attribute z:Id="i147"><AttributeType>iyy</AttributeType><IsRequired>true</IsRequired><Value i:type="a:double" xmlns:a="http://www.w3.org/2001/XMLSchema">0</Value></Attribute><Attribute z:Id="i148"><AttributeType>iyz</AttributeType><IsRequired>true</IsRequired><Value i:type="a:double" xmlns:a="http://www.w3.org/2001/XMLSchema">0</Value></Attribute><Attribute z:Id="i149"><AttributeType>izz</AttributeType><IsRequired>true</IsRequired><Value i:type="a:double" xmlns:a="http://www.w3.org/2001/XMLSchema">0</Value></Attribute></Attributes><ChildElements/><ElementName>inertia</ElementName><required>false</required><IxxAttribute z:Ref="i144"/><IxyAttribute z:Ref="i145"/><IxzAttribute z:Ref="i146"/><IyyAttribute z:Ref="i147"/><IyzAttribute z:Ref="i148"/><IzzAttribute z:Ref="i149"/></URDFElement></ChildElements><ElementName>inertial</ElementName><required>false</required><Inertia z:Ref="i143"/><Mass z:Ref="i141"/><Origin z:Ref="i138"/></URDFElement><URDFElement z:Id="i150" i:type="Visual"><Attributes/><ChildElements><URDFElement z:Id="i151" i:type="Origin"><Attributes><Attribute z:Id="i152"><AttributeType>xyz</AttributeType><IsRequired>true</IsRequired><Value i:type="a:ArrayOfdouble" xmlns:a="http://schemas.microsoft.com/2003/10/Serialization/Arrays"><a:double>0</a:double><a:double>0</a:double><a:double>0</a:double></Value></Attribute><Attribute z:Id="i153"><AttributeType>rpy</AttributeType><IsRequired>true</IsRequired><Value i:type="a:ArrayOfdouble" xmlns:a="http://schemas.microsoft.com/2003/10/Serialization/Arrays"><a:double>0</a:double><a:double>0</a:double><a:double>0</a:double></Value></Attribute></Attributes><ChildElements/><ElementName>origin</ElementName><required>false</required><RPYAttribute z:Ref="i153"/><XYZAttribute z:Ref="i152"/><isCustomized>false</isCustomized></URDFElement><URDFElement z:Id="i154" i:type="Geometry"><Attributes/><ChildElements><URDFElement z:Id="i155" i:type="Mesh"><Attributes><Attribute z:Id="i156"><AttributeType>filename</AttributeType><IsRequired>true</IsRequired><Value i:nil="true"/></Attribute></Attributes><ChildElements/><ElementName>mesh</ElementName><required>false</required><FilenameAttribute z:Ref="i156"/></URDFElement></ChildElements><ElementName>geometry</ElementName><required>true</required><Mesh z:Ref="i155"/></URDFElement><URDFElement z:Id="i157" i:type="Material"><Attributes><Attribute z:Id="i158"><AttributeType>name</AttributeType><IsRequired>true</IsRequired><Value i:type="a:string" xmlns:a="http://www.w3.org/2001/XMLSchema"/></Attribute></Attributes><ChildElements><URDFElement z:Id="i159" i:type="Color"><Attributes><Attribute z:Id="i160"><AttributeType>rgba</AttributeType><IsRequired>true</IsRequired><Value i:type="a:ArrayOfdouble" xmlns:a="http://schemas.microsoft.com/2003/10/Serialization/Arrays"><a:double>1</a:double><a:double>1</a:double><a:double>1</a:double><a:double>1</a:double></Value></Attribute></Attributes><ChildElements/><ElementName>color</ElementName><required>false</required><RGBAAttribute z:Ref="i160"/></URDFElement><URDFElement z:Id="i161" i:type="Texture"><Attributes><Attribute z:Id="i162"><AttributeType>filename</AttributeType><IsRequired>true</IsRequired><Value i:nil="true"/></Attribute></Attributes><ChildElements/><ElementName>texture</ElementName><required>false</required><FilenameAttribute z:Ref="i162"/><wFilename/></URDFElement></ChildElements><ElementName>material</ElementName><required>false</required><Color z:Ref="i159"/><NameAttribute z:Ref="i158"/><Texture z:Ref="i161"/></URDFElement></ChildElements><ElementName>visual</ElementName><required>false</required><Geometry z:Ref="i154"/><Material z:Ref="i157"/><Origin z:Ref="i151"/></URDFElement><URDFElement z:Id="i163" i:type="Collision"><Attributes/><ChildElements><URDFElement z:Id="i164" i:type="Origin"><Attributes><Attribute z:Id="i165"><AttributeType>xyz</AttributeType><IsRequired>true</IsRequired><Value i:type="a:ArrayOfdouble" xmlns:a="http://schemas.microsoft.com/2003/10/Serialization/Arrays"><a:double>0</a:double><a:double>0</a:double><a:double>0</a:double></Value></Attribute><Attribute z:Id="i166"><AttributeType>rpy</AttributeType><IsRequired>true</IsRequired><Value i:type="a:ArrayOfdouble" xmlns:a="http://schemas.microsoft.com/2003/10/Serialization/Arrays"><a:double>0</a:double><a:double>0</a:double><a:double>0</a:double></Value></Attribute></Attributes><ChildElements/><ElementName>origin</ElementName><required>false</required><RPYAttribute z:Ref="i166"/><XYZAttribute z:Ref="i165"/><isCustomized>false</isCustomized></URDFElement><URDFElement z:Id="i167" i:type="Geometry"><Attributes/><ChildElements><URDFElement z:Id="i168" i:type="Mesh"><Attributes><Attribute z:Id="i169"><AttributeType>filename</AttributeType><IsRequired>true</IsRequired><Value i:nil="true"/></Attribute></Attributes><ChildElements/><ElementName>mesh</ElementName><required>false</required><FilenameAttribute z:Ref="i169"/></URDFElement></ChildElements><ElementName>geometry</ElementName><required>true</required><Mesh z:Ref="i168"/></URDFElement></ChildElements><ElementName>collision</ElementName><required>false</required><Geometry z:Ref="i167"/><Origin z:Ref="i164"/></URDFElement><URDFElement z:Id="i170" i:type="Joint"><Attributes><Attribute z:Id="i171"><AttributeType>name</AttributeType><IsRequired>true</IsRequired><Value i:type="a:string" xmlns:a="http://www.w3.org/2001/XMLSchema">right_gripper_joint</Value></Attribute><Attribute z:Id="i172"><AttributeType>type</AttributeType><IsRequired>true</IsRequired><Value i:type="a:string" xmlns:a="http://www.w3.org/2001/XMLSchema">prismatic</Value></Attribute></Attributes><ChildElements><URDFElement z:Id="i173" i:type="Origin"><Attributes><Attribute z:Id="i174"><AttributeType>xyz</AttributeType><IsRequired>true</IsRequired><Value i:type="a:ArrayOfdouble" xmlns:a="http://schemas.microsoft.com/2003/10/Serialization/Arrays"><a:double>0</a:double><a:double>0</a:double><a:double>0</a:double></Value></Attribute><Attribute z:Id="i175"><AttributeType>rpy</AttributeType><IsRequired>true</IsRequired><Value i:type="a:ArrayOfdouble" xmlns:a="http://schemas.microsoft.com/2003/10/Serialization/Arrays"><a:double>0</a:double><a:double>0</a:double><a:double>0</a:double></Value></Attribute></Attributes><ChildElements/><ElementName>origin</ElementName><required>false</required><RPYAttribute z:Ref="i175"/><XYZAttribute z:Ref="i174"/><isCustomized>false</isCustomized></URDFElement><URDFElement z:Id="i176" i:type="ParentLink"><Attributes><Attribute z:Id="i177"><AttributeType>link</AttributeType><IsRequired>true</IsRequired><Value i:type="a:string" xmlns:a="http://www.w3.org/2001/XMLSchema"/></Attribute></Attributes><ChildElements/><ElementName>parent</ElementName><required>true</required><NameAttribute z:Ref="i177"/></URDFElement><URDFElement z:Id="i178" i:type="ChildLink"><Attributes><Attribute z:Id="i179"><AttributeType>link</AttributeType><IsRequired>true</IsRequired><Value i:type="a:string" xmlns:a="http://www.w3.org/2001/XMLSchema"/></Attribute></Attributes><ChildElements/><ElementName>child</ElementName><required>true</required><NameAttribute z:Ref="i179"/></URDFElement><URDFElement z:Id="i180" i:type="Axis"><Attributes><Attribute z:Id="i181"><AttributeType>xyz</AttributeType><IsRequired>true</IsRequired><Value i:type="a:ArrayOfdouble" xmlns:a="http://schemas.microsoft.com/2003/10/Serialization/Arrays"><a:double>0</a:double><a:double>0</a:double><a:double>0</a:double></Value></Attribute></Attributes><ChildElements/><ElementName>axis</ElementName><required>false</required><XYZAttribute z:Ref="i181"/></URDFElement><URDFElement z:Id="i182" i:type="Limit"><Attributes><Attribute z:Id="i183"><AttributeType>lower</AttributeType><IsRequired>false</IsRequired><Value i:nil="true"/></Attribute><Attribute z:Id="i184"><AttributeType>upper</AttributeType><IsRequired>false</IsRequired><Value i:nil="true"/></Attribute><Attribute z:Id="i185"><AttributeType>effort</AttributeType><IsRequired>true</IsRequired><Value i:nil="true"/></Attribute><Attribute z:Id="i186"><AttributeType>velocity</AttributeType><IsRequired>true</IsRequired><Value i:nil="true"/></Attribute></Attributes><ChildElements/><ElementName>limit</ElementName><required>false</required><EffortAttribute z:Ref="i185"/><LowerAttribute z:Ref="i183"/><UpperAttribute z:Ref="i184"/><VelocityAttribute z:Ref="i186"/></URDFElement><URDFElement z:Id="i187" i:type="Calibration"><Attributes><Attribute z:Id="i188"><AttributeType>rising</AttributeType><IsRequired>false</IsRequired><Value i:nil="true"/></Attribute><Attribute z:Id="i189"><AttributeType>falling</AttributeType><IsRequired>false</IsRequired><Value i:nil="true"/></Attribute></Attributes><ChildElements/><ElementName>calibration</ElementName><required>false</required><FallingAttribute z:Ref="i189"/><RisingAttribute z:Ref="i188"/></URDFElement><URDFElement z:Id="i190" i:type="Dynamics"><Attributes><Attribute z:Id="i191"><AttributeType>damping</AttributeType><IsRequired>false</IsRequired><Value i:nil="true"/></Attribute><Attribute z:Id="i192"><AttributeType>friction</AttributeType><IsRequired>false</IsRequired><Value i:nil="true"/></Attribute></Attributes><ChildElements/><ElementName>dynamics</ElementName><required>false</required><DampingAttribute z:Ref="i191"/><FrictionAttribute z:Ref="i192"/></URDFElement><URDFElement z:Id="i193" i:type="SafetyController"><Attributes><Attribute z:Id="i194"><AttributeType>soft_upper_limit</AttributeType><IsRequired>false</IsRequired><Value i:nil="true"/></Attribute><Attribute z:Id="i195"><AttributeType>soft_lower_limit</AttributeType><IsRequired>false</IsRequired><Value i:nil="true"/></Attribute><Attribute z:Id="i196"><AttributeType>k_position</AttributeType><IsRequired>false</IsRequired><Value i:nil="true"/></Attribute><Attribute z:Id="i197"><AttributeType>k_velocity</AttributeType><IsRequired>true</IsRequired><Value i:nil="true"/></Attribute></Attributes><ChildElements/><ElementName>safety_controller</ElementName><required>false</required><KPositionAttribute z:Ref="i196"/><KVelocityAttribute z:Ref="i197"/><SoftLowerAttribute z:Ref="i195"/><SoftUpperAttribute z:Ref="i194"/></URDFElement><URDFElement z:Id="i198" i:type="Mimic"><Attributes><Attribute z:Id="i199"><AttributeType>joint</AttributeType><IsRequired>true</IsRequired><Value i:nil="true"/></Attribute><Attribute z:Id="i200"><AttributeType>multiplier</AttributeType><IsRequired>false</IsRequired><Value i:nil="true"/></Attribute><Attribute z:Id="i201"><AttributeType>offset</AttributeType><IsRequired>false</IsRequired><Value i:nil="true"/></Attribute></Attributes><ChildElements/><ElementName>mimic</ElementName><required>false</required><JointNameAttribute z:Ref="i199"/><MultiplierAttribute z:Ref="i200"/><OffsetAttribute z:Ref="i201"/></URDFElement></ChildElements><ElementName>joint</ElementName><required>false</required><Axis z:Ref="i180"/><AxisName>Automatically Generate</AxisName><Calibration z:Ref="i187"/><Child z:Ref="i178"/><CoordinateSystemName>Automatically Generate</CoordinateSystemName><Dynamics z:Ref="i190"/><Limit z:Ref="i182"/><Mimic z:Ref="i198"/><NameAttribute z:Ref="i171"/><Origin z:Ref="i173"/><Parent z:Ref="i176"/><Safety z:Ref="i193"/><TypeAttribute z:Ref="i172"/></URDFElement></ChildElements><ElementName>link</ElementName><required>true</required><Children/><Collision z:Ref="i163"/><Inertial z:Ref="i137"/><Joint z:Ref="i170"/><NameAttribute z:Ref="i136"/><Parent z:Ref="i1"/><STLQualityFine>false</STLQualityFine><SWComponentPIDs xmlns:a="http://schemas.microsoft.com/2003/10/Serialization/Arrays"><a:base64Binary>sDYAAAUAAAD//v8WZwByAGkAcABwAGUAcgBfAHIAaQBnAGgAdAAtADEAQABBAHMAcwBlAG0AMQAEAAAAEAAAAAEAAAABAAAAHQAAAA==</a:base64Binary></SWComponentPIDs><SWMainComponentPID i:nil="true"/><Visual z:Ref="i150"/><isFixedFrame>false</isFixedFrame><isIncomplete>false</isIncomplete></Link></Children><Collision z:Ref="i29"/><Inertial z:Ref="i3"/><Joint z:Ref="i36"/><NameAttribute z:Ref="i2"/><Parent i:nil="true"/><STLQualityFine>false</STLQualityFine><SWComponentPIDs xmlns:a="http://schemas.microsoft.com/2003/10/Serialization/Arrays"><a:base64Binary>sDYAAAUAAAD//v8VZwByAGkAcABwAGUAcgBfAGgAbwBkAGUALQAxAEAAQQBzAHMAZQBtADEABAAAABAAAAABAAAAAQAAABkAAAA=</a:base64Binary></SWComponentPIDs><SWMainComponentPID i:nil="true"/><Visual z:Ref="i16"/><isFixedFrame>false</isFixedFrame><isIncomplete>false</isIncomplete></Link>
2022-03-27 17:58:42,302 INFO  AssemblyExportForm.cs: 309 - Saving URDF package to D:\Solidworks\Ny mappe\gripper
2022-03-27 17:58:42,304 INFO  ExportHelper.cs: 147 - Beginning the export process
2022-03-27 17:58:42,305 INFO  ExportHelper.cs: 153 - Creating package directories with name gripper and save path D:\Solidworks\Ny mappe
2022-03-27 17:58:44,348 INFO  ExportHelper.cs: 162 - Creating CMakeLists.txt at D:\Solidworks\Ny mappe\gripper\CMakeLists.txt
2022-03-27 17:58:44,349 INFO  ExportHelper.cs: 166 - Creating joint names config at D:\Solidworks\Ny mappe\gripper\config\joint_names_gripper.yaml
2022-03-27 17:58:44,351 INFO  ExportHelper.cs: 170 - Creating package.xml at D:\Solidworks\Ny mappe\gripper\package.xml
2022-03-27 17:58:44,352 INFO  PackageXMLWriter.cs: 21 - Creating package.xml at D:\Solidworks\Ny mappe\gripper\package.xml
2022-03-27 17:58:44,356 INFO  ExportHelper.cs: 177 - Creating RVIZ launch file in D:\Solidworks\Ny mappe\gripper\launch\
2022-03-27 17:58:44,360 INFO  ExportHelper.cs: 182 - Creating Gazebo launch file in D:\Solidworks\Ny mappe\gripper\launch\
2022-03-27 17:58:44,362 INFO  ExportHelper.cs: 187 - Saving existing STL preferences
2022-03-27 17:58:44,362 INFO  ExportHelper.cs: 450 - Saving users preferences
2022-03-27 17:58:44,363 INFO  ExportHelper.cs: 190 - Modifying STL preferences
2022-03-27 17:58:44,364 INFO  ExportHelper.cs: 464 - Setting STL preferences
2022-03-27 17:58:44,368 INFO  ExportHelper.cs: 196 - Found 0 hidden components 
2022-03-27 17:58:44,369 INFO  ExportHelper.cs: 197 - Hiding all components
2022-03-27 17:58:44,430 INFO  ExportHelper.cs: 204 - Beginning individual files export
2022-03-27 17:58:44,433 INFO  ExportHelper.cs: 270 - Exporting link: gripper_head
2022-03-27 17:58:44,433 INFO  ExportHelper.cs: 272 - Link gripper_head has 2 children
2022-03-27 17:58:44,434 INFO  ExportHelper.cs: 270 - Exporting link: left_gripper
2022-03-27 17:58:44,434 INFO  ExportHelper.cs: 272 - Link left_gripper has 0 children
2022-03-27 17:58:44,435 INFO  ExportHelper.cs: 317 - left_gripper: Exporting STL with coordinate frame Origin_left_gripper_joint
2022-03-27 17:58:44,436 INFO  ExportHelper.cs: 322 - left_gripper: Reference geometry name 
2022-03-27 17:58:44,463 INFO  ExportHelper.cs: 330 - Saving STL to D:\Solidworks\Ny mappe\gripper\meshes\left_gripper.STL
2022-03-27 17:58:44,572 INFO  ExportHelper.cs: 405 - Removing SW header in STL file
2022-03-27 17:58:44,574 INFO  ExportHelper.cs: 270 - Exporting link: right_gripper
2022-03-27 17:58:44,575 INFO  ExportHelper.cs: 272 - Link right_gripper has 0 children
2022-03-27 17:58:44,575 INFO  ExportHelper.cs: 317 - right_gripper: Exporting STL with coordinate frame Origin_right_gripper_joint
2022-03-27 17:58:44,576 INFO  ExportHelper.cs: 322 - right_gripper: Reference geometry name 
2022-03-27 17:58:44,598 INFO  ExportHelper.cs: 330 - Saving STL to D:\Solidworks\Ny mappe\gripper\meshes\right_gripper.STL
2022-03-27 17:58:44,635 INFO  ExportHelper.cs: 405 - Removing SW header in STL file
2022-03-27 17:58:44,636 INFO  ExportHelper.cs: 317 - gripper_head: Exporting STL with coordinate frame Origin_global
2022-03-27 17:58:44,636 INFO  ExportHelper.cs: 322 - gripper_head: Reference geometry name 
2022-03-27 17:58:44,656 INFO  ExportHelper.cs: 330 - Saving STL to D:\Solidworks\Ny mappe\gripper\meshes\gripper_head.STL
2022-03-27 17:58:44,719 INFO  ExportHelper.cs: 405 - Removing SW header in STL file
2022-03-27 17:58:44,721 INFO  ExportHelper.cs: 145 - Showing all components except previously hidden components
2022-03-27 17:58:44,755 INFO  ExportHelper.cs: 145 - Resetting STL preferences
2022-03-27 17:58:44,756 INFO  ExportHelper.cs: 478 - Returning STL preferences to user preferences
2022-03-27 17:58:44,756 INFO  ExportHelper.cs: 228 - Writing URDF file to D:\Solidworks\Ny mappe\gripper\urdf\gripper.urdf
2022-03-27 17:58:44,812 INFO  CSVImportExport.cs: 32 - Writing CSV file D:\Solidworks\Ny mappe\gripper\urdf\gripper.csv
2022-03-27 17:58:44,839 ERROR CSVImportExport.cs: 130 - The following columns were not written to the CSV: Link.Joint.ChildLink.link,
2022-03-27 17:58:44,840 ERROR CSVImportExport.cs: 130 - The following columns were not written to the CSV: Link.Joint.ChildLink.link,
2022-03-27 17:58:44,841 ERROR CSVImportExport.cs: 130 - The following columns were not written to the CSV: Link.Joint.ChildLink.link,
2022-03-27 17:58:44,842 INFO  ExportHelper.cs: 234 - Copying log file
2022-03-27 17:58:44,846 INFO  ExportHelper.cs: 439 - Copying C:\Users\irfan\sw2urdf_logs\sw2urdf.log to D:\Solidworks\Ny mappe\gripper\export.log
